[22:06:55] [ServerMain/INFO]: Environment: authHost='https://authserver.mojang.com', accountsHost='https://api.mojang.com', sessionHost='https://sessionserver.mojang.com', servicesHost='https://api.minecraftservices.com', name='PROD'
[22:06:56] [ServerMain/INFO]: Found new data pack file/bukkit, loading it automatically
[22:06:56] [ServerMain/INFO]: Reloading ResourceManager: Default, bukkit
[22:06:56] [Worker-Main-3/INFO]: Loaded 7 recipes
[22:06:57] [Server thread/INFO]: Starting minecraft server version 1.18.1
[22:06:57] [Server thread/INFO]: Loading properties
[22:06:57] [Server thread/INFO]: This server is running Paper version git-Paper-104 (MC: 1.18.1) (Implementing API version 1.18.1-R0.1-SNAPSHOT) (Git: 2cf4b82)
[22:06:57] [Server thread/INFO]: Server Ping Player Sample Count: 12
[22:06:57] [Server thread/INFO]: Using 4 threads for Netty based IO
[22:06:57] [Server thread/INFO]: Default game type: SURVIVAL
[22:06:57] [Server thread/INFO]: Generating keypair
[22:06:57] [Server thread/INFO]: Starting Minecraft server on *:25565
[22:06:57] [Server thread/INFO]: Using epoll channel type
[22:06:57] [Server thread/INFO]: Paper: Using libdeflate (Linux x86_64) compression from Velocity.
[22:06:57] [Server thread/INFO]: Paper: Using OpenSSL 1.1.x (Linux x86_64) cipher from Velocity.
[22:06:57] [Server thread/INFO]: Preparing level "world"
[22:07:01] [Server thread/INFO]: Preparing start region for dimension minecraft:overworld
[22:07:01] [Worker-Main-4/INFO]: Preparing spawn area: 0%
[22:07:01] [Server thread/INFO]: Time elapsed: 256 ms
[22:07:01] [Server thread/INFO]: Preparing start region for dimension minecraft:the_nether
[22:07:02] [Server thread/INFO]: Time elapsed: 247 ms
[22:07:02] [Server thread/INFO]: Preparing start region for dimension minecraft:the_end
[22:07:03] [Server thread/INFO]: Time elapsed: 938 ms
[22:07:03] [Server thread/INFO]: Running delayed init tasks
[22:07:03] [Server thread/INFO]: Done (5.898s)! For help, type "help"
[22:07:03] [Server thread/INFO]: Timings Reset
[22:08:02] [Server thread/INFO]: Stopping the server
[22:08:02] [Server thread/INFO]: Stopping server
[22:08:02] [Server thread/INFO]: Saving players
[22:08:03] [Server thread/INFO]: Saving worlds
[22:08:03] [Server thread/INFO]: Saving chunks for level 'ServerLevel[world]'/minecraft:overworld
[22:08:03] [Server thread/INFO]: Saving chunks for level 'ServerLevel[world_nether]'/minecraft:the_nether
[22:08:04] [Server thread/INFO]: Saving chunks for level 'ServerLevel[world_the_end]'/minecraft:the_end
[22:08:04] [Server thread/INFO]: ThreadedAnvilChunkStorage (world): All chunks are saved
[22:08:04] [Server thread/INFO]: ThreadedAnvilChunkStorage (DIM-1): All chunks are saved
[22:08:04] [Server thread/INFO]: ThreadedAnvilChunkStorage (DIM1): All chunks are saved
[22:08:04] [Server thread/INFO]: ThreadedAnvilChunkStorage: All dimensions are saved
[22:08:04] [Server thread/INFO]: Flushing Chunk IO
[22:08:04] [Server thread/INFO]: Closing Thread Pool
[22:08:04] [Server thread/INFO]: Closing Server
